Script handler ready. Waiting for a while to ensure all other mods are done messing with NEI.
Starting NEI Filter scripting. This might take a moment to load all the modules...
Engine: JAVASCRIPT
Setting up Java Library...
Setting up FML Library...
Setting up NEI Library...
Setting up CreativeTab library...
Found creative tab: tabBloodMagic
Found creative tab: misc
Found creative tab: redstone
Found creative tab: IC2
Found creative tab: agricraft
Found creative tab: aroma1997core:creativetab
Found creative tab: aroma1997sdimension:creativeTabDW
Found creative tab: tab.backpacks
Found creative tab: materials
Found creative tab: tools
Found creative tab: BiblioCraft
Found creative tab: BiblioCraftLights
Found creative tab: BiblioWoodsBoP
Found creative tab: BiblioWoodsForestry
Found creative tab: BiblioWoodsNatura
Found creative tab: BigReactors
Found creative tab: apiculture
Found creative tab: buildingBlocks
Found creative tab: tabBiomesOPlenty
Found creative tab: Botania
Found creative tab: Botany
Found creative tab: buildcraft.main
Found creative tab: buildcraft.pipes
Found creative tab: buildcraft.boards
Found creative tab: buildcraft.facades
Found creative tab: buildcraft.gates
Found creative tab: Calculator
Found creative tab: CarpentersBlocks
Found creative tab: compactmachines
Found creative tab: combat
Found creative tab: ComputerCraft
Found creative tab: decorations
Found creative tab: enchiridion
Found creative tab: EnderIO
Found creative tab: arboriculture
Found creative tab: lepidopterology
Found creative tab: extraUtil
Found creative tab: extraUtil_FMP
Found creative tab: forestry
Found creative tab: tabGyth
Found creative tab: Genetics
Found creative tab: gcewing_lighting:tab
Found creative tab: Nuclear Control 2
Found creative tab: ImmersiveEngineering
Found creative tab: transportation
Found creative tab: jabba
Found creative tab: liquidxp
Found creative tab: Logistics_Pipes
Found creative tab: moreSwords
Found creative tab: tabMekanism
Found creative tab: MineFactory Reloaded
Found creative tab: food
Found creative tab: natura.plants
Found creative tab: natura.nether
Found creative tab: natura.trees
Found creative tab: Nether Ores
Found creative tab: tabOpenBlocks
Found creative tab: OpenComputers
Found creative tab: tabOpenPeripheralAddons
Found creative tab: peripheralsplusplus
Found creative tab: tabPneumaticCraft
Found creative tab: Power Converters
Found creative tab: TConstructBlocks
Found creative tab: core
Found creative tab: expansion
Found creative tab: exploration
Found creative tab: fab
Found creative tab: ill
Found creative tab: int
Found creative tab: trans
Found creative tab: transport
Found creative tab: ProjectE
Found creative tab: QuarryPlus
Found creative tab: rio
Found creative tab: railcraft
Found creative tab: Random Things
Found creative tab: redstonearsenal.creativeTab
Found creative tab: solarexpansion
Found creative tab: sfm
Found creative tab: SC2Blocks
Found creative tab: SC2Modules
Found creative tab: SC2Items
Found creative tab: steves_production
Found creative tab: sync
Found creative tab: TConstructWeaponry
Found creative tab: TConstructParts
Found creative tab: TConstructTools
Found creative tab: TConstructMaterials
Found creative tab: TConstructEquipables
Found creative tab: TMechworks
Found creative tab: thaumcraft
Found creative tab: ThaumicTinkerer
Found creative tab: brewing
Found creative tab: thermaldynamics.creativeTab
Found creative tab: thermaldynamics.creativeTabCovers
Found creative tab: thermalexpansion.creativeTabBlocks
Found creative tab: thermalexpansion.creativeTabItems
Found creative tab: thermalexpansion.creativeTabTools
Found creative tab: thermalexpansion.creativeTabFlorbs
Found creative tab: thermalfoundation.creativeTab
Found creative tab: thermalfoundation.creativeTabArmor
Found creative tab: thermalfoundation.creativeTabTools
Found creative tab: thermalsmeltery.creativeTabItems
Found creative tab: tubes
Found creative tab: twilightForest
Found creative tab: ztones
Found creative tab: bdew.generators
Found creative tab: bdew.ae2stuff
Found creative tab: aobd
Found creative tab: appliedenergistics2
Found creative tab: appliedenergistics2.facades
Found creative tab: betterstorage
Found creative tab: tabWoodChiselBlocks
Found creative tab: tabStairChiselBlocks
Found creative tab: tabModdedChiselBlocks
Found creative tab: tabStoneChiselBlocks
Found creative tab: tabOtherChiselBlocks
Found creative tab: tabChisel
Found creative tab: tabMetalChiselBlocks
Found creative tab: tabComputronics
Found creative tab: DaVincing
Found creative tab: tabItems
Found creative tab: tabModules
Found creative tab: tabBlocks
Found creative tab: Extra_Cells
Found creative tab: factorizationTab
Found creative tab: bdew.gendustry
Found creative tab: bdew.samples
Found creative tab: bdew.templates
Found creative tab: guideapi.creativeTab
Found creative tab: tabHarvestCraft2
Found creative tab: tabHarvestCraft3
Found creative tab: tabHarvestCraft
Found creative tab: immersiveintegration
Found creative tab: malisisdoors
Found creative tab: Minechem
Found creative tab: Minechem.buckets
Found creative tab: Minechem.Elements
Found creative tab: bdew.canisters
Found creative tab: bdew.pressure
Found creative tab: RfTools
Found creative tab: RfToolsDimlets
Found creative tab: ThaumicEnergistics
Found creative tab: tabusefulDNSTab
Found creative tab: tabWitchery
Setting up ForgeMicroblock Library...
Setting up ExtraUtilities Library...
Setting up BuildCraft Library...
Setting up Applied Energistics 2 Library...
Loading table of contents for module: custom_nei_filters, 1.0, Author: denoflionsx
Bootstrap setting found. Loading: Bootstrap.js
Loading: vanilla.js
hide called. Params: minecraft, portal
Regex match found! minecraft:portal matches minecraft:portal.
Found ItemStack minecraft:portal. 64xtile.portal@0
hide called. Params: minecraft, end_portal
Regex match found! minecraft:end_portal matches minecraft:end_portal.
Found ItemStack minecraft:end_portal. 64xtile.null@0
hide called. Params: minecraft, fire
Regex match found! minecraft:fire matches minecraft:fire.
Found ItemStack minecraft:fire. 64xtile.fire@0
hide called. Params: minecraft, water
Regex match found! minecraft:water matches minecraft:water.
Found ItemStack minecraft:water. 64xtile.water@0
hide called. Params: minecraft, lava
Regex match found! minecraft:lava matches minecraft:lava.
Found ItemStack minecraft:lava. 64xtile.lava@0
hide called. Params: minecraft, mob_spawner
Regex match found! minecraft:mob_spawner matches minecraft:mob_spawner.
Found ItemStack minecraft:mob_spawner. 64xtile.mobSpawner@0
override called. Params: minecraft, potion, 0
Regex match found! minecraft:potion matches minecraft:potion.
Found ItemStack minecraft:potion. 1xitem.potion@0
override called. Params: minecraft, spawn_egg, 0
Regex match found! minecraft:spawn_egg matches minecraft:spawn_egg.
Found ItemStack minecraft:spawn_egg. 64xitem.monsterPlacer@0
Loading: ThermalExpansion.js
override called. Params: ThermalExpansion, florb, 0,1
Regex match found! ThermalExpansion:florb matches ThermalExpansion:florb.
Found ItemStack ThermalExpansion:florb. 16xitem.thermalexpansion.florb@0
Loading: Mekanism.js
override called. Params: Mekanism, GasTank, 100
Regex match found! Mekanism:GasTank matches Mekanism:GasTank.
Found ItemStack Mekanism:GasTank. 1xtile.GasTank@0
override called. Params: Mekanism, *PlasticBlock, 0
Regex match found! Mekanism:*PlasticBlock matches Mekanism:GlowPlasticBlock.
Regex match found! Mekanism:*PlasticBlock matches Mekanism:PlasticBlock.
Regex match found! Mekanism:*PlasticBlock matches Mekanism:ReinforcedPlasticBlock.
Regex match found! Mekanism:*PlasticBlock matches Mekanism:RoadPlasticBlock.
Regex match found! Mekanism:*PlasticBlock matches Mekanism:SlickPlasticBlock.
Found ItemStack Mekanism:GlowPlasticBlock. 64xtile.GlowPlasticBlock@0
Found ItemStack Mekanism:PlasticBlock. 64xtile.PlasticBlock@0
Found ItemStack Mekanism:ReinforcedPlasticBlock. 64xtile.ReinforcedPlasticBlock@0
Found ItemStack Mekanism:RoadPlasticBlock. 64xtile.RoadPlasticBlock@0
Found ItemStack Mekanism:SlickPlasticBlock. 64xtile.SlickPlasticBlock@0
override called. Params: Mekanism, Balloon, 0
Regex match found! Mekanism:Balloon matches Mekanism:Balloon.
Found ItemStack Mekanism:Balloon. 64xitem.Balloon@0
override called. Params: Mekanism, GlowPanel, 0
Regex match found! Mekanism:GlowPanel matches Mekanism:GlowPanel.
Found ItemStack Mekanism:GlowPanel. 64xitem.GlowPanel@0
Loading: ForgeMicroblock.js
getRandomMaterial called. Returned: Mekanism:BasicBlock_3
obliterate_microblocks called (version in info.inpureprojects.core.NEI.gtfoMicroblocks.ScriptObjects.ForgeMicroblockObject). Params: 1,2,4,257,258,260,513,514,516,769,770,772, Mekanism:BasicBlock_3
Loading: ExtraUtilities.js
override called. Params: ExtraUtilities, drum, 0,1
Regex match found! ExtraUtilities:drum matches ExtraUtilities:drum.
Found ItemStack ExtraUtilities:drum. 64xtile.extrautils:drum@0
getRandomMaterial called. Returned: Mekanism:BasicBlock_5
obliterate_microblocks called (version in info.inpureprojects.core.NEI.gtfoMicroblocks.ScriptObjects.ExtraUtilitiesObject). Params: 1,2,3, Mekanism:BasicBlock_5
Loading: BuildCraft.js
getFacadesSize called. Returned: 4149
obliterate_microblocks called (version in info.inpureprojects.core.NEI.gtfoMicroblocks.ScriptObjects.BCObject). Params: 3898
Loading: Bibliocraft.js
override called. Params: BiblioCraft, *Paneler, 0
Regex match found! BiblioCraft:*Paneler matches BiblioCraft:BiblioPaneler.
Found ItemStack BiblioCraft:BiblioPaneler. 64xtile.BiblioPaneler@0
override called. Params: BiblioCraft, *Typewriter, 0
Regex match found! BiblioCraft:*Typewriter matches BiblioCraft:BiblioTypewriter.
Found ItemStack BiblioCraft:BiblioTypewriter. 64xtile.BiblioTypewriter@0
override called. Params: BiblioCraft, *Clock, 0
Regex match found! BiblioCraft:*Clock matches BiblioCraft:BiblioClock.
Found ItemStack BiblioCraft:BiblioClock. 64xtile.BiblioClock@0
override called. Params: BiblioCraft, *Painting, 0
Regex match found! BiblioCraft:*Painting matches BiblioCraft:BiblioBorderlessPainting.
Regex match found! BiblioCraft:*Painting matches BiblioCraft:BiblioFancyPainting.
Regex match found! BiblioCraft:*Painting matches BiblioCraft:BiblioFlatPainting.
Regex match found! BiblioCraft:*Painting matches BiblioCraft:BiblioMiddlePainting.
Regex match found! BiblioCraft:*Painting matches BiblioCraft:BiblioSimplePainting.
Found ItemStack BiblioCraft:BiblioBorderlessPainting. 64xtile.BiblioBorderlessPainting@0
Found ItemStack BiblioCraft:BiblioFancyPainting. 64xtile.BiblioFancyPainting@0
Found ItemStack BiblioCraft:BiblioFlatPainting. 64xtile.BiblioFlatPainting@0
Found ItemStack BiblioCraft:BiblioMiddlePainting. 64xtile.BiblioMiddlePainting@0
Found ItemStack BiblioCraft:BiblioSimplePainting. 64xtile.BiblioSimplePainting@0
override called. Params: BiblioCraft, *SwordPedestal, 0
Regex match found! BiblioCraft:*SwordPedestal matches BiblioCraft:BiblioSwordPedestal.
Found ItemStack BiblioCraft:BiblioSwordPedestal. 64xtile.BiblioSwordPedestal@0
override called. Params: BiblioCraft, *FancySign, 0
Regex match found! BiblioCraft:*FancySign matches BiblioCraft:BiblioFancySign.
Found ItemStack BiblioCraft:BiblioFancySign. 64xtile.BiblioFancySign@0
override called. Params: BiblioCraft, *Workbench, 0
Regex match found! BiblioCraft:*Workbench matches BiblioCraft:BiblioWorkbench.
Found ItemStack BiblioCraft:BiblioWorkbench. 64xtile.BiblioWorkbench@0
override called. Params: BiblioCraft, *theca, 0
Regex match found! BiblioCraft:*theca matches BiblioCraft:Bibliotheca.
Found ItemStack BiblioCraft:Bibliotheca. 64xtile.BiblioBookcase@0
override called. Params: BiblioCraft, *Shelf, 0
Regex match found! BiblioCraft:*Shelf matches BiblioCraft:BiblioPotionShelf.
Regex match found! BiblioCraft:*Shelf matches BiblioCraft:BiblioShelf.
Found ItemStack BiblioCraft:BiblioPotionShelf. 64xtile.BiblioPotionShelf@0
Found ItemStack BiblioCraft:BiblioShelf. 64xtile.BiblioShelf@0
override called. Params: BiblioCraft, *Rack, 0
Regex match found! BiblioCraft:*Rack matches BiblioCraft:BiblioRack.
Found ItemStack BiblioCraft:BiblioRack. 64xtile.BiblioRack@0
override called. Params: BiblioCraft, *Case, 0
Regex match found! BiblioCraft:*Case matches BiblioCraft:BiblioCase.
Found ItemStack BiblioCraft:BiblioCase. 64xtile.BiblioCase@0
override called. Params: BiblioCraft, *Label, 0
Regex match found! BiblioCraft:*Label matches BiblioCraft:BiblioLabel.
Found ItemStack BiblioCraft:BiblioLabel. 64xtile.BiblioLabel@0
override called. Params: BiblioCraft, *Desk, 0
Regex match found! BiblioCraft:*Desk matches BiblioCraft:BiblioDesk.
Found ItemStack BiblioCraft:BiblioDesk. 64xtile.BiblioDesk@0
override called. Params: BiblioCraft, *Table, 0
Regex match found! BiblioCraft:*Table matches BiblioCraft:BiblioTable.
Found ItemStack BiblioCraft:BiblioTable. 64xtile.BiblioTable@0
override called. Params: BiblioCraft, *Lantern, 0
Regex match found! BiblioCraft:*Lantern matches BiblioCraft:BiblioIronLantern.
Regex match found! BiblioCraft:*Lantern matches BiblioCraft:BiblioLantern.
Found ItemStack BiblioCraft:BiblioIronLantern. 64xtile.BiblioIronLantern@0
Found ItemStack BiblioCraft:BiblioLantern. 64xtile.BiblioLantern@0
override called. Params: BiblioCraft, *Lamp, 0
Regex match found! BiblioCraft:*Lamp matches BiblioCraft:BiblioIronLamp.
Regex match found! BiblioCraft:*Lamp matches BiblioCraft:BiblioLamp.
Found ItemStack BiblioCraft:BiblioIronLamp. 64xtile.BiblioIronLamp@0
Found ItemStack BiblioCraft:BiblioLamp. 64xtile.BiblioLamp@0
override called. Params: BiblioCraft, *MapFrames, 0
Regex match found! BiblioCraft:*MapFrames matches BiblioCraft:BiblioMapFrames.
Found ItemStack BiblioCraft:BiblioMapFrames. 64xtile.BiblioMapFrames@0
override called. Params: BiblioCraft, *Seats, 0
Regex match found! BiblioCraft:*Seats matches BiblioCraft:BiblioSeats.
Found ItemStack BiblioCraft:BiblioSeats. 64xtile.BiblioSeats@0
override called. Params: BiblioCraft, item.*, 0
Regex match found! BiblioCraft:item.* matches BiblioCraft:item.AtlasBook.
Regex match found! BiblioCraft:item.* matches BiblioCraft:item.AtlasPlate.
Regex match found! BiblioCraft:item.* matches BiblioCraft:item.BiblioChase.
Regex match found! BiblioCraft:item.* matches BiblioCraft:item.BiblioClipboard.
Regex match found! BiblioCraft:item.* matches BiblioCraft:item.BiblioCreativeLock.
Regex match found! BiblioCraft:item.* matches BiblioCraft:item.BiblioDrill.
Regex match found! BiblioCraft:item.* matches BiblioCraft:item.BiblioGlasses.
Regex match found! BiblioCraft:item.* matches BiblioCraft:item.BiblioMapTool.
Regex match found! BiblioCraft:item.* matches BiblioCraft:item.BiblioRedBook.
Regex match found! BiblioCraft:item.* matches BiblioCraft:item.BiblioWayPointCompass.
Regex match found! BiblioCraft:item.* matches BiblioCraft:item.BigBook.
Regex match found! BiblioCraft:item.* matches BiblioCraft:item.DeathCompass.
Regex match found! BiblioCraft:item.* matches BiblioCraft:item.EnchantedPlate.
Regex match found! BiblioCraft:item.* matches BiblioCraft:item.FramingBoard.
Regex match found! BiblioCraft:item.* matches BiblioCraft:item.FramingSaw.
Regex match found! BiblioCraft:item.* matches BiblioCraft:item.FramingSheet.
Regex match found! BiblioCraft:item.* matches BiblioCraft:item.HandDrill.
Regex match found! BiblioCraft:item.* matches BiblioCraft:item.PaintingCanvas.
Regex match found! BiblioCraft:item.* matches BiblioCraft:item.PlumbLine.
Regex match found! BiblioCraft:item.* matches BiblioCraft:item.PrintPlate.
Regex match found! BiblioCraft:item.* matches BiblioCraft:item.RecipeBook.
Regex match found! BiblioCraft:item.* matches BiblioCraft:item.SlottedBook.
Regex match found! BiblioCraft:item.* matches BiblioCraft:item.TesterItem.
Regex match found! BiblioCraft:item.* matches BiblioCraft:item.seatBack.
Regex match found! BiblioCraft:item.* matches BiblioCraft:item.seatBack2.
Regex match found! BiblioCraft:item.* matches BiblioCraft:item.seatBack3.
Regex match found! BiblioCraft:item.* matches BiblioCraft:item.seatBack4.
Regex match found! BiblioCraft:item.* matches BiblioCraft:item.seatBack5.
Regex match found! BiblioCraft:item.* matches BiblioCraft:item.tape.
Regex match found! BiblioCraft:item.* matches BiblioCraft:item.tapeMeasure.
Found ItemStack BiblioCraft:item.AtlasBook. 1xitem.AtlasBook@0
Found ItemStack BiblioCraft:item.AtlasPlate. 1xitem.AtlasPlate@0
Found ItemStack BiblioCraft:item.BiblioChase. 64xitem.BiblioChase@0
Found ItemStack BiblioCraft:item.BiblioClipboard. 1xitem.BiblioClipboard@0
Found ItemStack BiblioCraft:item.BiblioCreativeLock. 1xitem.BiblioCreativeLock@0
Found ItemStack BiblioCraft:item.BiblioDrill. 1xitem.BiblioDrill@0
Found ItemStack BiblioCraft:item.BiblioGlasses. 1xitem.BiblioGlasses@0
Found ItemStack BiblioCraft:item.BiblioMapTool. 1xitem.BiblioMapTool@0
Found ItemStack BiblioCraft:item.BiblioRedBook. 64xitem.BiblioRedBook@0
Found ItemStack BiblioCraft:item.BiblioWayPointCompass. 1xitem.BiblioWayPointCompass@0
Found ItemStack BiblioCraft:item.BigBook. 1xitem.BigBook@0
Found ItemStack BiblioCraft:item.DeathCompass. 64xitem.DeathCompass@0
Found ItemStack BiblioCraft:item.EnchantedPlate. 1xitem.EnchantedPlate@0
Found ItemStack BiblioCraft:item.FramingBoard. 64xitem.FramingBoard@0
Found ItemStack BiblioCraft:item.FramingSaw. 1xitem.FramingSaw@0
Found ItemStack BiblioCraft:item.FramingSheet. 64xitem.FramingSheet@0
Found ItemStack BiblioCraft:item.HandDrill. 1xitem.HandDrill@0
Found ItemStack BiblioCraft:item.PaintingCanvas. 64xitem.PaintingCanvas@0
Found ItemStack BiblioCraft:item.PlumbLine. 1xitem.PlumbLine@0
Found ItemStack BiblioCraft:item.PrintPlate. 1xitem.PrintPlate@0
Found ItemStack BiblioCraft:item.RecipeBook. 1xitem.RecipeBook@0
Found ItemStack BiblioCraft:item.SlottedBook. 1xitem.SlottedBook@0
Found ItemStack BiblioCraft:item.TesterItem. 1xitem.TesterItem@0
Found ItemStack BiblioCraft:item.seatBack. 64xitem.seatBack@0
Found ItemStack BiblioCraft:item.seatBack2. 64xitem.seatBack@0
Found ItemStack BiblioCraft:item.seatBack3. 64xitem.seatBack@0
Found ItemStack BiblioCraft:item.seatBack4. 64xitem.seatBack@0
Found ItemStack BiblioCraft:item.seatBack5. 64xitem.seatBack@0
Found ItemStack BiblioCraft:item.tape. 64xitem.tape@0
Found ItemStack BiblioCraft:item.tapeMeasure. 1xitem.tapeMeasure@0
Loading: AppliedEnergistics2.js
getFacadeItem called. Returned: appliedenergistics2:item.ItemFacade
getSubTypes called.
getNumberOfTypes called. Returned: 3016
override called. Params: appliedenergistics2, item.ItemFacade, 2882
Regex match found! appliedenergistics2:item.ItemFacade matches appliedenergistics2:item.ItemFacade.
Found ItemStack appliedenergistics2:item.ItemFacade. 64xitem.appliedenergistics2.ItemFacade@0
Loading: Tcon.js
override called. Params: TConstruct, tool*, 0
Regex match found! TConstruct:tool* matches TConstruct:toolRod.
Regex match found! TConstruct:tool* matches TConstruct:toolShard.
Found ItemStack TConstruct:toolRod. 64xitem.tconstruct.ToolRod@0
Found ItemStack TConstruct:toolShard. 64xitem.tconstruct.ToolShard@0
override called. Params: TConstruct, binding, 0
Regex match found! TConstruct:binding matches TConstruct:binding.
Found ItemStack TConstruct:binding. 64xitem.tconstruct.Binding@0
override called. Params: TConstruct, scytheBlade, 0
Regex match found! TConstruct:scytheBlade matches TConstruct:scytheBlade.
Found ItemStack TConstruct:scytheBlade. 64xitem.tconstruct.ScytheHead@0
Loading: MFR.js
override called. Params: MineFactoryReloaded, tile.mfr.stainedglass.block, 0
hide called. Params: MineFactoryReloaded:fluid.mfr.liquid.milk.still, 0
override called. Params: MineFactoryReloaded, tile.mfr.stainedglass.pane, 0
override called. Params: MineFactoryReloaded, tile.mfr.conveyor, 0
Loading: DNSremoved.js
override_invert called. Params: Backpack, backpack, 100,101,102,103,104,105,106,107,108,109,110,111,112,113,114,115,116
Regex match found! Backpack:backpack matches Backpack:backpack.
Found ItemStack Backpack:backpack. 1xitem.backpack@0
hide called. Params: Botania, buriedPetals
Regex match found! Botania:buriedPetals matches Botania:buriedPetals.
Found ItemStack Botania:buriedPetals. 64xtile.buriedPetals@0
override called. Params: IC2, itemFluidCell, 0
Regex match found! IC2:itemFluidCell matches IC2:itemFluidCell.
Found ItemStack IC2:itemFluidCell. 64xic2.itemFluidCell@0
override called. Params: Mekanism, MachineBlock2, 1,2,3,4,5,6,7,8,9,10,11,12,13,14,15
Regex match found! Mekanism:MachineBlock2 matches Mekanism:MachineBlock2.
Found ItemStack Mekanism:MachineBlock2. 1xtile.MachineBlock2@0
override called. Params: OpenBlocks, tank, 0
Regex match found! OpenBlocks:tank matches OpenBlocks:tank.
Found ItemStack OpenBlocks:tank. 64xtile.openblocks.tank@0
override called. Params: extracells, pattern.fluid, 0
Regex match found! extracells:pattern.fluid matches extracells:pattern.fluid.
Found ItemStack extracells:pattern.fluid. 1xitem.extracells.pattern.fluid@0
hide called. Params: minechem, fluid.*
Regex match found! minechem:fluid.* matches minechem:fluid.element.Ac.name.
Regex match found! minechem:fluid.* matches minechem:fluid.element.Ag.name.
Regex match found! minechem:fluid.* matches minechem:fluid.element.Al.name.
Regex match found! minechem:fluid.* matches minechem:fluid.element.Am.name.
Regex match found! minechem:fluid.* matches minechem:fluid.element.Ar.name.
Regex match found! minechem:fluid.* matches minechem:fluid.element.As.name.
Regex match found! minechem:fluid.* matches minechem:fluid.element.At.name.
Regex match found! minechem:fluid.* matches minechem:fluid.element.Au.name.
Regex match found! minechem:fluid.* matches minechem:fluid.element.B.name.
Regex match found! minechem:fluid.* matches minechem:fluid.element.Ba.name.
Regex match found! minechem:fluid.* matches minechem:fluid.element.Be.name.
Regex match found! minechem:fluid.* matches minechem:fluid.element.Bh.name.
Regex match found! minechem:fluid.* matches minechem:fluid.element.Bi.name.
Regex match found! minechem:fluid.* matches minechem:fluid.element.Bk.name.
Regex match found! minechem:fluid.* matches minechem:fluid.element.Br.name.
Regex match found! minechem:fluid.* matches minechem:fluid.element.C.name.
Regex match found! minechem:fluid.* matches minechem:fluid.element.Ca.name.
Regex match found! minechem:fluid.* matches minechem:fluid.element.Cd.name.
Regex match found! minechem:fluid.* matches minechem:fluid.element.Ce.name.
Regex match found! minechem:fluid.* matches minechem:fluid.element.Cf.name.
Regex match found! minechem:fluid.* matches minechem:fluid.element.Cl.name.
Regex match found! minechem:fluid.* matches minechem:fluid.element.Cm.name.
Regex match found! minechem:fluid.* matches minechem:fluid.element.Cn.name.
Regex match found! minechem:fluid.* matches minechem:fluid.element.Co.name.
Regex match found! minechem:fluid.* matches minechem:fluid.element.Cr.name.
Regex match found! minechem:fluid.* matches minechem:fluid.element.Cs.name.
Regex match found! minechem:fluid.* matches minechem:fluid.element.Cu.name.
Regex match found! minechem:fluid.* matches minechem:fluid.element.Db.name.
Regex match found! minechem:fluid.* matches minechem:fluid.element.Ds.name.
Regex match found! minechem:fluid.* matches minechem:fluid.element.Dy.name.
Regex match found! minechem:fluid.* matches minechem:fluid.element.Er.name.
Regex match found! minechem:fluid.* matches minechem:fluid.element.Es.name.
Regex match found! minechem:fluid.* matches minechem:fluid.element.Eu.name.
Regex match found! minechem:fluid.* matches minechem:fluid.element.F.name.
Regex match found! minechem:fluid.* matches minechem:fluid.element.Fe.name.
Regex match found! minechem:fluid.* matches minechem:fluid.element.Fm.name.
Regex match found! minechem:fluid.* matches minechem:fluid.element.Fr.name.
Regex match found! minechem:fluid.* matches minechem:fluid.element.Ga.name.
Regex match found! minechem:fluid.* matches minechem:fluid.element.Gd.name.
Regex match found! minechem:fluid.* matches minechem:fluid.element.Ge.name.
Regex match found! minechem:fluid.* matches minechem:fluid.element.H.name.
Regex match found! minechem:fluid.* matches minechem:fluid.element.He.name.
Regex match found! minechem:fluid.* matches minechem:fluid.element.Hf.name.
Regex match found! minechem:fluid.* matches minechem:fluid.element.Hg.name.
Regex match found! minechem:fluid.* matches minechem:fluid.element.Ho.name.
Regex match found! minechem:fluid.* matches minechem:fluid.element.Hs.name.
Regex match found! minechem:fluid.* matches minechem:fluid.element.I.name.
Regex match found! minechem:fluid.* matches minechem:fluid.element.In.name.
Regex match found! minechem:fluid.* matches minechem:fluid.element.Ir.name.
Regex match found! minechem:fluid.* matches minechem:fluid.element.K.name.
Regex match found! minechem:fluid.* matches minechem:fluid.element.Kr.name.
Regex match found! minechem:fluid.* matches minechem:fluid.element.La.name.
Regex match found! minechem:fluid.* matches minechem:fluid.element.Li.name.
Regex match found! minechem:fluid.* matches minechem:fluid.element.Lr.name.
Regex match found! minechem:fluid.* matches minechem:fluid.element.Lu.name.
Regex match found! minechem:fluid.* matches minechem:fluid.element.Md.name.
Regex match found! minechem:fluid.* matches minechem:fluid.element.Mg.name.
Regex match found! minechem:fluid.* matches minechem:fluid.element.Mn.name.
Regex match found! minechem:fluid.* matches minechem:fluid.element.Mo.name.
Regex match found! minechem:fluid.* matches minechem:fluid.element.Mt.name.
Regex match found! minechem:fluid.* matches minechem:fluid.element.N.name.
Regex match found! minechem:fluid.* matches minechem:fluid.element.Na.name.
Regex match found! minechem:fluid.* matches minechem:fluid.element.Nb.name.
Regex match found! minechem:fluid.* matches minechem:fluid.element.Nd.name.
Regex match found! minechem:fluid.* matches minechem:fluid.element.Ne.name.
Regex match found! minechem:fluid.* matches minechem:fluid.element.Ni.name.
Regex match found! minechem:fluid.* matches minechem:fluid.element.No.name.
Regex match found! minechem:fluid.* matches minechem:fluid.element.Np.name.
Regex match found! minechem:fluid.* matches minechem:fluid.element.O.name.
Regex match found! minechem:fluid.* matches minechem:fluid.element.Os.name.
Regex match found! minechem:fluid.* matches minechem:fluid.element.P.name.
Regex match found! minechem:fluid.* matches minechem:fluid.element.Pa.name.
Regex match found! minechem:fluid.* matches minechem:fluid.element.Pb.name.
Regex match found! minechem:fluid.* matches minechem:fluid.element.Pd.name.
Regex match found! minechem:fluid.* matches minechem:fluid.element.Pm.name.
Regex match found! minechem:fluid.* matches minechem:fluid.element.Po.name.
Regex match found! minechem:fluid.* matches minechem:fluid.element.Pr.name.
Regex match found! minechem:fluid.* matches minechem:fluid.element.Pt.name.
Regex match found! minechem:fluid.* matches minechem:fluid.element.Pu.name.
Regex match found! minechem:fluid.* matches minechem:fluid.element.Ra.name.
Regex match found! minechem:fluid.* matches minechem:fluid.element.Rb.name.
Regex match found! minechem:fluid.* matches minechem:fluid.element.Re.name.
Regex match found! minechem:fluid.* matches minechem:fluid.element.Rf.name.
Regex match found! minechem:fluid.* matches minechem:fluid.element.Rg.name.
Regex match found! minechem:fluid.* matches minechem:fluid.element.Rh.name.
Regex match found! minechem:fluid.* matches minechem:fluid.element.Rn.name.
Regex match found! minechem:fluid.* matches minechem:fluid.element.Ru.name.
Regex match found! minechem:fluid.* matches minechem:fluid.element.S.name.
Regex match found! minechem:fluid.* matches minechem:fluid.element.Sb.name.
Regex match found! minechem:fluid.* matches minechem:fluid.element.Sc.name.
Regex match found! minechem:fluid.* matches minechem:fluid.element.Se.name.
Regex match found! minechem:fluid.* matches minechem:fluid.element.Sg.name.
Regex match found! minechem:fluid.* matches minechem:fluid.element.Si.name.
Regex match found! minechem:fluid.* matches minechem:fluid.element.Sm.name.
Regex match found! minechem:fluid.* matches minechem:fluid.element.Sn.name.
Regex match found! minechem:fluid.* matches minechem:fluid.element.Sr.name.
Regex match found! minechem:fluid.* matches minechem:fluid.element.Ta.name.
Regex match found! minechem:fluid.* matches minechem:fluid.element.Tb.name.
Regex match found! minechem:fluid.* matches minechem:fluid.element.Tc.name.
Regex match found! minechem:fluid.* matches minechem:fluid.element.Te.name.
Regex match found! minechem:fluid.* matches minechem:fluid.element.Th.name.
Regex match found! minechem:fluid.* matches minechem:fluid.element.Ti.name.
Regex match found! minechem:fluid.* matches minechem:fluid.element.Tl.name.
Regex match found! minechem:fluid.* matches minechem:fluid.element.Tm.name.
Regex match found! minechem:fluid.* matches minechem:fluid.element.U.name.
Regex match found! minechem:fluid.* matches minechem:fluid.element.Uut.name.
Regex match found! minechem:fluid.* matches minechem:fluid.element.V.name.
Regex match found! minechem:fluid.* matches minechem:fluid.element.W.name.
Regex match found! minechem:fluid.* matches minechem:fluid.element.Xe.name.
Regex match found! minechem:fluid.* matches minechem:fluid.element.Y.name.
Regex match found! minechem:fluid.* matches minechem:fluid.element.Yb.name.
Regex match found! minechem:fluid.* matches minechem:fluid.element.Zn.name.
Regex match found! minechem:fluid.* matches minechem:fluid.element.Zr.name.
Regex match found! minechem:fluid.* matches minechem:fluid.molecule.aalc.name.
Regex match found! minechem:fluid.* matches minechem:fluid.molecule.acetate.name.
Regex match found! minechem:fluid.* matches minechem:fluid.molecule.alinine.name.
Regex match found! minechem:fluid.* matches minechem:fluid.molecule.almadine.name.
Regex match found! minechem:fluid.* matches minechem:fluid.molecule.aluminiumHypophosphite.name.
Regex match found! minechem:fluid.* matches minechem:fluid.molecule.aluminiumOxide.name.
Regex match found! minechem:fluid.* matches minechem:fluid.molecule.aluminiumPhosphate.name.
Regex match found! minechem:fluid.* matches minechem:fluid.molecule.ammonia.name.
Regex match found! minechem:fluid.* matches minechem:fluid.molecule.ammonium.name.
Regex match found! minechem:fluid.* matches minechem:fluid.molecule.amphetamine.name.
Regex match found! minechem:fluid.* matches minechem:fluid.molecule.arginine.name.
Regex match found! minechem:fluid.* matches minechem:fluid.molecule.arsenicOxide.name.
Regex match found! minechem:fluid.* matches minechem:fluid.molecule.asbestos.name.
Regex match found! minechem:fluid.* matches minechem:fluid.molecule.asparagine.name.
Regex match found! minechem:fluid.* matches minechem:fluid.molecule.asparticAcid.name.
Regex match found! minechem:fluid.* matches minechem:fluid.molecule.asprin.name.
Regex match found! minechem:fluid.* matches minechem:fluid.molecule.augite.name.
Regex match found! minechem:fluid.* matches minechem:fluid.molecule.beryl.name.
Regex match found! minechem:fluid.* matches minechem:fluid.molecule.biotite.name.
Regex match found! minechem:fluid.* matches minechem:fluid.molecule.blackPigment.name.
Regex match found! minechem:fluid.* matches minechem:fluid.molecule.blueorgodye.name.
Regex match found! minechem:fluid.* matches minechem:fluid.molecule.buli.name.
Regex match found! minechem:fluid.* matches minechem:fluid.molecule.butene.name.
Regex match found! minechem:fluid.* matches minechem:fluid.molecule.calcicPyroxene.name.
Regex match found! minechem:fluid.* matches minechem:fluid.molecule.calciumCarbonate.name.
Regex match found! minechem:fluid.* matches minechem:fluid.molecule.calciumOxide.name.
Regex match found! minechem:fluid.* matches minechem:fluid.molecule.carbonDioxide.name.
Regex match found! minechem:fluid.* matches minechem:fluid.molecule.carbonate.name.
Regex match found! minechem:fluid.* matches minechem:fluid.molecule.caulerpenyne.name.
Regex match found! minechem:fluid.* matches minechem:fluid.molecule.cellulose.name.
Regex match found! minechem:fluid.* matches minechem:fluid.molecule.cesiumHydroxide.name.
Regex match found! minechem:fluid.* matches minechem:fluid.molecule.chromate.name.
Regex match found! minechem:fluid.* matches minechem:fluid.molecule.chromite.name.
Regex match found! minechem:fluid.* matches minechem:fluid.molecule.cocaine.name.
Regex match found! minechem:fluid.* matches minechem:fluid.molecule.cocainehcl.name.
Regex match found! minechem:fluid.* matches minechem:fluid.molecule.cucurbitacin.name.
Regex match found! minechem:fluid.* matches minechem:fluid.molecule.cyanide.name.
Regex match found! minechem:fluid.* matches minechem:fluid.molecule.cysteine.name.
Regex match found! minechem:fluid.* matches minechem:fluid.molecule.ddt.name.
Regex match found! minechem:fluid.* matches minechem:fluid.molecule.dimethyltryptamine.name.
Regex match found! minechem:fluid.* matches minechem:fluid.molecule.dota.name.
Regex match found! minechem:fluid.* matches minechem:fluid.molecule.ethanol.name.
Regex match found! minechem:fluid.* matches minechem:fluid.molecule.fibroin.name.
Regex match found! minechem:fluid.* matches minechem:fluid.molecule.fingolimod.name.
Regex match found! minechem:fluid.* matches minechem:fluid.molecule.forsterite.name.
Regex match found! minechem:fluid.* matches minechem:fluid.molecule.franciumHydroxide.name.
Regex match found! minechem:fluid.* matches minechem:fluid.molecule.fullrene.name.
Regex match found! minechem:fluid.* matches minechem:fluid.molecule.gallicacid.name.
Regex match found! minechem:fluid.* matches minechem:fluid.molecule.galliumOxide.name.
Regex match found! minechem:fluid.* matches minechem:fluid.molecule.galliumarsenide.name.
Regex match found! minechem:fluid.* matches minechem:fluid.molecule.glucose.name.
Regex match found! minechem:fluid.* matches minechem:fluid.molecule.glutamates.name.
Regex match found! minechem:fluid.* matches minechem:fluid.molecule.glutamine.name.
Regex match found! minechem:fluid.* matches minechem:fluid.molecule.glycine.name.
Regex match found! minechem:fluid.* matches minechem:fluid.molecule.glyphosate.name.
Regex match found! minechem:fluid.* matches minechem:fluid.molecule.greenPigment.name.
Regex match found! minechem:fluid.* matches minechem:fluid.molecule.hcl.name.
Regex match found! minechem:fluid.* matches minechem:fluid.molecule.hist.name.
Regex match found! minechem:fluid.* matches minechem:fluid.molecule.histidine.name.
Regex match found! minechem:fluid.* matches minechem:fluid.molecule.hperox.name.
Regex match found! minechem:fluid.* matches minechem:fluid.molecule.hydrogenSulfide.name.
Regex match found! minechem:fluid.* matches minechem:fluid.molecule.hydronium.name.
Regex match found! minechem:fluid.* matches minechem:fluid.molecule.hydroxide.name.
Regex match found! minechem:fluid.* matches minechem:fluid.molecule.hydroxylapatite.name.
Regex match found! minechem:fluid.* matches minechem:fluid.molecule.hypophosphite.name.
Regex match found! minechem:fluid.* matches minechem:fluid.molecule.iron3oxide.name.
Regex match found! minechem:fluid.* matches minechem:fluid.molecule.ironOxide.name.
Regex match found! minechem:fluid.* matches minechem:fluid.molecule.isoleucine.name.
Regex match found! minechem:fluid.* matches minechem:fluid.molecule.isoprene.name.
Regex match found! minechem:fluid.* matches minechem:fluid.molecule.kaolinite.name.
Regex match found! minechem:fluid.* matches minechem:fluid.molecule.keratin.name.
Regex match found! minechem:fluid.* matches minechem:fluid.molecule.latropine.name.
Regex match found! minechem:fluid.* matches minechem:fluid.molecule.lazurite.name.
Regex match found! minechem:fluid.* matches minechem:fluid.molecule.lcd.name.
Regex match found! minechem:fluid.* matches minechem:fluid.molecule.leucine.name.
Regex match found! minechem:fluid.* matches minechem:fluid.molecule.lightbluePigment.name.
Regex match found! minechem:fluid.* matches minechem:fluid.molecule.limePigment.name.
Regex match found! minechem:fluid.* matches minechem:fluid.molecule.lithiumHydroxide.name.
Regex match found! minechem:fluid.* matches minechem:fluid.molecule.lysine.name.
Regex match found! minechem:fluid.* matches minechem:fluid.molecule.magnesiumCarbonate.name.
Regex match found! minechem:fluid.* matches minechem:fluid.molecule.magnesiumOxide.name.
Regex match found! minechem:fluid.* matches minechem:fluid.molecule.magnetite.name.
Regex match found! minechem:fluid.* matches minechem:fluid.molecule.malicAcid.name.
Regex match found! minechem:fluid.* matches minechem:fluid.molecule.memethacrylate.name.
Regex match found! minechem:fluid.* matches minechem:fluid.molecule.meoh.name.
Regex match found! minechem:fluid.* matches minechem:fluid.molecule.mescaline.name.
Regex match found! minechem:fluid.* matches minechem:fluid.molecule.metasilicate.name.
Regex match found! minechem:fluid.* matches minechem:fluid.molecule.metblue.name.
Regex match found! minechem:fluid.* matches minechem:fluid.molecule.methamphetamine.name.
Regex match found! minechem:fluid.* matches minechem:fluid.molecule.methionine.name.
Regex match found! minechem:fluid.* matches minechem:fluid.molecule.methyl.name.
Regex match found! minechem:fluid.* matches minechem:fluid.molecule.methylene.name.
Regex match found! minechem:fluid.* matches minechem:fluid.molecule.mt.name.
Regex match found! minechem:fluid.* matches minechem:fluid.molecule.mycotoxin.name.
Regex match found! minechem:fluid.* matches minechem:fluid.molecule.nepheline.name.
Regex match found! minechem:fluid.* matches minechem:fluid.molecule.nitrate.name.
Regex match found! minechem:fluid.* matches minechem:fluid.molecule.nitrogenDioxide.name.
Regex match found! minechem:fluid.* matches minechem:fluid.molecule.nodularin.name.
Regex match found! minechem:fluid.* matches minechem:fluid.molecule.noselite.name.
Regex match found! minechem:fluid.* matches minechem:fluid.molecule.oleicAcid.name.
Regex match found! minechem:fluid.* matches minechem:fluid.molecule.olivine.name.
Regex match found! minechem:fluid.* matches minechem:fluid.molecule.omphacite.name.
Regex match found! minechem:fluid.* matches minechem:fluid.molecule.orangePigment.name.
Regex match found! minechem:fluid.* matches minechem:fluid.molecule.orthoclase.name.
Regex match found! minechem:fluid.* matches minechem:fluid.molecule.pal2.name.
Regex match found! minechem:fluid.* matches minechem:fluid.molecule.pantherine.name.
Regex match found! minechem:fluid.* matches minechem:fluid.molecule.penicillin.name.
Regex match found! minechem:fluid.* matches minechem:fluid.molecule.peridot.name.
Regex match found! minechem:fluid.* matches minechem:fluid.molecule.peroxide.name.
Regex match found! minechem:fluid.* matches minechem:fluid.molecule.phenylalanine.name.
Regex match found! minechem:fluid.* matches minechem:fluid.molecule.phosgene.name.
Regex match found! minechem:fluid.* matches minechem:fluid.molecule.phosphate.name.
Regex match found! minechem:fluid.* matches minechem:fluid.molecule.plagioclaseAlbite.name.
Regex match found! minechem:fluid.* matches minechem:fluid.molecule.plagioclaseAnorthite.name.
Regex match found! minechem:fluid.* matches minechem:fluid.molecule.plat.name.
Regex match found! minechem:fluid.* matches minechem:fluid.molecule.pmma.name.
Regex match found! minechem:fluid.* matches minechem:fluid.molecule.polyisobutylene.name.
Regex match found! minechem:fluid.* matches minechem:fluid.molecule.polyvinylChloride.name.
Regex match found! minechem:fluid.* matches minechem:fluid.molecule.potassiumHydroxide.name.
Regex match found! minechem:fluid.* matches minechem:fluid.molecule.potassiumNitrate.name.
Regex match found! minechem:fluid.* matches minechem:fluid.molecule.potassiumOxide.name.
Regex match found! minechem:fluid.* matches minechem:fluid.molecule.proline.name.
Regex match found! minechem:fluid.* matches minechem:fluid.molecule.propane.name.
Regex match found! minechem:fluid.* matches minechem:fluid.molecule.psilocybin.name.
Regex match found! minechem:fluid.* matches minechem:fluid.molecule.purplePigment.name.
Regex match found! minechem:fluid.* matches minechem:fluid.molecule.purpleorgodye.name.
Regex match found! minechem:fluid.* matches minechem:fluid.molecule.pyrite.name.
Regex match found! minechem:fluid.* matches minechem:fluid.molecule.pyrope.name.
Regex match found! minechem:fluid.* matches minechem:fluid.molecule.radchlor.name.
Regex match found! minechem:fluid.* matches minechem:fluid.molecule.redGarnet.name.
Regex match found! minechem:fluid.* matches minechem:fluid.molecule.redPigment.name.
Regex match found! minechem:fluid.* matches minechem:fluid.molecule.redorgodye.name.
Regex match found! minechem:fluid.* matches minechem:fluid.molecule.retinol.name.
Regex match found! minechem:fluid.* matches minechem:fluid.molecule.rubidiumHydroxide.name.
Regex match found! minechem:fluid.* matches minechem:fluid.molecule.salt.name.
Regex match found! minechem:fluid.* matches minechem:fluid.molecule.serine.name.
Regex match found! minechem:fluid.* matches minechem:fluid.molecule.shikimicAcid.name.
Regex match found! minechem:fluid.* matches minechem:fluid.molecule.silicate.name.
Regex match found! minechem:fluid.* matches minechem:fluid.molecule.siliconDioxide.name.
Regex match found! minechem:fluid.* matches minechem:fluid.molecule.siliconOxide.name.
Regex match found! minechem:fluid.* matches minechem:fluid.molecule.sodalite.name.
Regex match found! minechem:fluid.* matches minechem:fluid.molecule.sodiumBisulfate.name.
Regex match found! minechem:fluid.* matches minechem:fluid.molecule.sodiumHydroxide.name.
Regex match found! minechem:fluid.* matches minechem:fluid.molecule.sodiumOxide.name.
Regex match found! minechem:fluid.* matches minechem:fluid.molecule.sodiumSulfate.name.
Regex match found! minechem:fluid.* matches minechem:fluid.molecule.spessartine.name.
Regex match found! minechem:fluid.* matches minechem:fluid.molecule.starch.name.
Regex match found! minechem:fluid.* matches minechem:fluid.molecule.strontiumNitrate.name.
Regex match found! minechem:fluid.* matches minechem:fluid.molecule.sucrose.name.
Regex match found! minechem:fluid.* matches minechem:fluid.molecule.sulfate.name.
Regex match found! minechem:fluid.* matches minechem:fluid.molecule.sulfurDioxide.name.
Regex match found! minechem:fluid.* matches minechem:fluid.molecule.sulfuricAcid.name.
Regex match found! minechem:fluid.* matches minechem:fluid.molecule.talc.name.
Regex match found! minechem:fluid.* matches minechem:fluid.molecule.tannicacid.name.
Regex match found! minechem:fluid.* matches minechem:fluid.molecule.testosterone.name.
Regex match found! minechem:fluid.* matches minechem:fluid.molecule.tetrodotoxin.name.
Regex match found! minechem:fluid.* matches minechem:fluid.molecule.thc.name.
Regex match found! minechem:fluid.* matches minechem:fluid.molecule.theobromine.name.
Regex match found! minechem:fluid.* matches minechem:fluid.molecule.threonine.name.
Regex match found! minechem:fluid.* matches minechem:fluid.molecule.tnt.name.
Regex match found! minechem:fluid.* matches minechem:fluid.molecule.toluene.name.
Regex match found! minechem:fluid.* matches minechem:fluid.molecule.topaz.name.
Regex match found! minechem:fluid.* matches minechem:fluid.molecule.tryptophan.name.
Regex match found! minechem:fluid.* matches minechem:fluid.molecule.tyrosine.name.
Regex match found! minechem:fluid.* matches minechem:fluid.molecule.valine.name.
Regex match found! minechem:fluid.* matches minechem:fluid.molecule.vinylChloride.name.
Regex match found! minechem:fluid.* matches minechem:fluid.molecule.weedex.name.
Regex match found! minechem:fluid.* matches minechem:fluid.molecule.whitePigment.name.
Regex match found! minechem:fluid.* matches minechem:fluid.molecule.xanax.name.
Regex match found! minechem:fluid.* matches minechem:fluid.molecule.xylitol.name.
Regex match found! minechem:fluid.* matches minechem:fluid.molecule.yellowPigment.name.
Regex match found! minechem:fluid.* matches minechem:fluid.molecule.zoisite.name.
Found ItemStack minechem:fluid.element.Ac.name. 64xfluid.element.Ac@0
Found ItemStack minechem:fluid.element.Ag.name. 64xfluid.element.Ag@0
Found ItemStack minechem:fluid.element.Al.name. 64xfluid.element.Al@0
Found ItemStack minechem:fluid.element.Am.name. 64xfluid.element.Am@0
Found ItemStack minechem:fluid.element.Ar.name. 64xfluid.element.Ar@0
Found ItemStack minechem:fluid.element.As.name. 64xfluid.element.As@0
Found ItemStack minechem:fluid.element.At.name. 64xfluid.element.At@0
Found ItemStack minechem:fluid.element.Au.name. 64xfluid.element.Au@0
Found ItemStack minechem:fluid.element.B.name. 64xfluid.element.B@0
Found ItemStack minechem:fluid.element.Ba.name. 64xfluid.element.Ba@0
Found ItemStack minechem:fluid.element.Be.name. 64xfluid.element.Be@0
Found ItemStack minechem:fluid.element.Bh.name. 64xfluid.element.Bh@0
Found ItemStack minechem:fluid.element.Bi.name. 64xfluid.element.Bi@0
Found ItemStack minechem:fluid.element.Bk.name. 64xfluid.element.Bk@0
Found ItemStack minechem:fluid.element.Br.name. 64xfluid.element.Br@0
Found ItemStack minechem:fluid.element.C.name. 64xfluid.element.C@0
Found ItemStack minechem:fluid.element.Ca.name. 64xfluid.element.Ca@0
Found ItemStack minechem:fluid.element.Cd.name. 64xfluid.element.Cd@0
Found ItemStack minechem:fluid.element.Ce.name. 64xfluid.element.Ce@0
Found ItemStack minechem:fluid.element.Cf.name. 64xfluid.element.Cf@0
Found ItemStack minechem:fluid.element.Cl.name. 64xfluid.element.Cl@0
Found ItemStack minechem:fluid.element.Cm.name. 64xfluid.element.Cm@0
Found ItemStack minechem:fluid.element.Cn.name. 64xfluid.element.Cn@0
Found ItemStack minechem:fluid.element.Co.name. 64xfluid.element.Co@0
Found ItemStack minechem:fluid.element.Cr.name. 64xfluid.element.Cr@0
Found ItemStack minechem:fluid.element.Cs.name. 64xfluid.element.Cs@0
Found ItemStack minechem:fluid.element.Cu.name. 64xfluid.element.Cu@0
Found ItemStack minechem:fluid.element.Db.name. 64xfluid.element.Db@0
Found ItemStack minechem:fluid.element.Ds.name. 64xfluid.element.Ds@0
Found ItemStack minechem:fluid.element.Dy.name. 64xfluid.element.Dy@0
Found ItemStack minechem:fluid.element.Er.name. 64xfluid.element.Er@0
Found ItemStack minechem:fluid.element.Es.name. 64xfluid.element.Es@0
Found ItemStack minechem:fluid.element.Eu.name. 64xfluid.element.Eu@0
Found ItemStack minechem:fluid.element.F.name. 64xfluid.element.F@0
Found ItemStack minechem:fluid.element.Fe.name. 64xfluid.element.Fe@0
Found ItemStack minechem:fluid.element.Fm.name. 64xfluid.element.Fm@0
Found ItemStack minechem:fluid.element.Fr.name. 64xfluid.element.Fr@0
Found ItemStack minechem:fluid.element.Ga.name. 64xfluid.element.Ga@0
Found ItemStack minechem:fluid.element.Gd.name. 64xfluid.element.Gd@0
Found ItemStack minechem:fluid.element.Ge.name. 64xfluid.element.Ge@0
Found ItemStack minechem:fluid.element.H.name. 64xfluid.element.H@0
Found ItemStack minechem:fluid.element.He.name. 64xfluid.element.He@0
Found ItemStack minechem:fluid.element.Hf.name. 64xfluid.element.Hf@0
Found ItemStack minechem:fluid.element.Hg.name. 64xfluid.element.Hg@0
Found ItemStack minechem:fluid.element.Ho.name. 64xfluid.element.Ho@0
Found ItemStack minechem:fluid.element.Hs.name. 64xfluid.element.Hs@0
Found ItemStack minechem:fluid.element.I.name. 64xfluid.element.I@0
Found ItemStack minechem:fluid.element.In.name. 64xfluid.element.In@0
Found ItemStack minechem:fluid.element.Ir.name. 64xfluid.element.Ir@0
Found ItemStack minechem:fluid.element.K.name. 64xfluid.element.K@0
Found ItemStack minechem:fluid.element.Kr.name. 64xfluid.element.Kr@0
Found ItemStack minechem:fluid.element.La.name. 64xfluid.element.La@0
Found ItemStack minechem:fluid.element.Li.name. 64xfluid.element.Li@0
Found ItemStack minechem:fluid.element.Lr.name. 64xfluid.element.Lr@0
Found ItemStack minechem:fluid.element.Lu.name. 64xfluid.element.Lu@0
Found ItemStack minechem:fluid.element.Md.name. 64xfluid.element.Md@0
Found ItemStack minechem:fluid.element.Mg.name. 64xfluid.element.Mg@0
Found ItemStack minechem:fluid.element.Mn.name. 64xfluid.element.Mn@0
Found ItemStack minechem:fluid.element.Mo.name. 64xfluid.element.Mo@0
Found ItemStack minechem:fluid.element.Mt.name. 64xfluid.element.Mt@0
Found ItemStack minechem:fluid.element.N.name. 64xfluid.element.N@0
Found ItemStack minechem:fluid.element.Na.name. 64xfluid.element.Na@0
Found ItemStack minechem:fluid.element.Nb.name. 64xfluid.element.Nb@0
Found ItemStack minechem:fluid.element.Nd.name. 64xfluid.element.Nd@0
Found ItemStack minechem:fluid.element.Ne.name. 64xfluid.element.Ne@0
Found ItemStack minechem:fluid.element.Ni.name. 64xfluid.element.Ni@0
Found ItemStack minechem:fluid.element.No.name. 64xfluid.element.No@0
Found ItemStack minechem:fluid.element.Np.name. 64xfluid.element.Np@0
Found ItemStack minechem:fluid.element.O.name. 64xfluid.element.O@0
Found ItemStack minechem:fluid.element.Os.name. 64xfluid.element.Os@0
Found ItemStack minechem:fluid.element.P.name. 64xfluid.element.P@0
Found ItemStack minechem:fluid.element.Pa.name. 64xfluid.element.Pa@0
Found ItemStack minechem:fluid.element.Pb.name. 64xfluid.element.Pb@0
Found ItemStack minechem:fluid.element.Pd.name. 64xfluid.element.Pd@0
Found ItemStack minechem:fluid.element.Pm.name. 64xfluid.element.Pm@0
Found ItemStack minechem:fluid.element.Po.name. 64xfluid.element.Po@0
Found ItemStack minechem:fluid.element.Pr.name. 64xfluid.element.Pr@0
Found ItemStack minechem:fluid.element.Pt.name. 64xfluid.element.Pt@0
Found ItemStack minechem:fluid.element.Pu.name. 64xfluid.element.Pu@0
Found ItemStack minechem:fluid.element.Ra.name. 64xfluid.element.Ra@0
Found ItemStack minechem:fluid.element.Rb.name. 64xfluid.element.Rb@0
Found ItemStack minechem:fluid.element.Re.name. 64xfluid.element.Re@0
Found ItemStack minechem:fluid.element.Rf.name. 64xfluid.element.Rf@0
Found ItemStack minechem:fluid.element.Rg.name. 64xfluid.element.Rg@0
Found ItemStack minechem:fluid.element.Rh.name. 64xfluid.element.Rh@0
Found ItemStack minechem:fluid.element.Rn.name. 64xfluid.element.Rn@0
Found ItemStack minechem:fluid.element.Ru.name. 64xfluid.element.Ru@0
Found ItemStack minechem:fluid.element.S.name. 64xfluid.element.S@0
Found ItemStack minechem:fluid.element.Sb.name. 64xfluid.element.Sb@0
Found ItemStack minechem:fluid.element.Sc.name. 64xfluid.element.Sc@0
Found ItemStack minechem:fluid.element.Se.name. 64xfluid.element.Se@0
Found ItemStack minechem:fluid.element.Sg.name. 64xfluid.element.Sg@0
Found ItemStack minechem:fluid.element.Si.name. 64xfluid.element.Si@0
Found ItemStack minechem:fluid.element.Sm.name. 64xfluid.element.Sm@0
Found ItemStack minechem:fluid.element.Sn.name. 64xfluid.element.Sn@0
Found ItemStack minechem:fluid.element.Sr.name. 64xfluid.element.Sr@0
Found ItemStack minechem:fluid.element.Ta.name. 64xfluid.element.Ta@0
Found ItemStack minechem:fluid.element.Tb.name. 64xfluid.element.Tb@0
Found ItemStack minechem:fluid.element.Tc.name. 64xfluid.element.Tc@0
Found ItemStack minechem:fluid.element.Te.name. 64xfluid.element.Te@0
Found ItemStack minechem:fluid.element.Th.name. 64xfluid.element.Th@0
Found ItemStack minechem:fluid.element.Ti.name. 64xfluid.element.Ti@0
Found ItemStack minechem:fluid.element.Tl.name. 64xfluid.element.Tl@0
Found ItemStack minechem:fluid.element.Tm.name. 64xfluid.element.Tm@0
Found ItemStack minechem:fluid.element.U.name. 64xfluid.element.U@0
Found ItemStack minechem:fluid.element.Uut.name. 64xfluid.element.Uut@0
Found ItemStack minechem:fluid.element.V.name. 64xfluid.element.V@0
Found ItemStack minechem:fluid.element.W.name. 64xfluid.element.W@0
Found ItemStack minechem:fluid.element.Xe.name. 64xfluid.element.Xe@0
Found ItemStack minechem:fluid.element.Y.name. 64xfluid.element.Y@0
Found ItemStack minechem:fluid.element.Yb.name. 64xfluid.element.Yb@0
Found ItemStack minechem:fluid.element.Zn.name. 64xfluid.element.Zn@0
Found ItemStack minechem:fluid.element.Zr.name. 64xfluid.element.Zr@0
Found ItemStack minechem:fluid.molecule.aalc.name. 64xfluid.molecule.aalc@0
Found ItemStack minechem:fluid.molecule.acetate.name. 64xfluid.molecule.acetate@0
Found ItemStack minechem:fluid.molecule.alinine.name. 64xfluid.molecule.alinine@0
Found ItemStack minechem:fluid.molecule.almadine.name. 64xfluid.molecule.almadine@0
Found ItemStack minechem:fluid.molecule.aluminiumHypophosphite.name. 64xfluid.molecule.aluminiumHypophosphite@0
Found ItemStack minechem:fluid.molecule.aluminiumOxide.name. 64xfluid.molecule.aluminiumOxide@0
Found ItemStack minechem:fluid.molecule.aluminiumPhosphate.name. 64xfluid.molecule.aluminiumPhosphate@0
Found ItemStack minechem:fluid.molecule.ammonia.name. 64xfluid.molecule.ammonia@0
Found ItemStack minechem:fluid.molecule.ammonium.name. 64xfluid.molecule.ammonium@0
Found ItemStack minechem:fluid.molecule.amphetamine.name. 64xfluid.molecule.amphetamine@0
Found ItemStack minechem:fluid.molecule.arginine.name. 64xfluid.molecule.arginine@0
Found ItemStack minechem:fluid.molecule.arsenicOxide.name. 64xfluid.molecule.arsenicOxide@0
Found ItemStack minechem:fluid.molecule.asbestos.name. 64xfluid.molecule.asbestos@0
Found ItemStack minechem:fluid.molecule.asparagine.name. 64xfluid.molecule.asparagine@0
Found ItemStack minechem:fluid.molecule.asparticAcid.name. 64xfluid.molecule.asparticAcid@0
Found ItemStack minechem:fluid.molecule.asprin.name. 64xfluid.molecule.asprin@0
Found ItemStack minechem:fluid.molecule.augite.name. 64xfluid.molecule.augite@0
Found ItemStack minechem:fluid.molecule.beryl.name. 64xfluid.molecule.beryl@0
Found ItemStack minechem:fluid.molecule.biotite.name. 64xfluid.molecule.biotite@0
Found ItemStack minechem:fluid.molecule.blackPigment.name. 64xfluid.molecule.blackPigment@0
Found ItemStack minechem:fluid.molecule.blueorgodye.name. 64xfluid.molecule.blueorgodye@0
Found ItemStack minechem:fluid.molecule.buli.name. 64xfluid.molecule.buli@0
Found ItemStack minechem:fluid.molecule.butene.name. 64xfluid.molecule.butene@0
Found ItemStack minechem:fluid.molecule.calcicPyroxene.name. 64xfluid.molecule.calcicPyroxene@0
Found ItemStack minechem:fluid.molecule.calciumCarbonate.name. 64xfluid.molecule.calciumCarbonate@0
Found ItemStack minechem:fluid.molecule.calciumOxide.name. 64xfluid.molecule.calciumOxide@0
Found ItemStack minechem:fluid.molecule.carbonDioxide.name. 64xfluid.molecule.carbonDioxide@0
Found ItemStack minechem:fluid.molecule.carbonate.name. 64xfluid.molecule.carbonate@0
Found ItemStack minechem:fluid.molecule.caulerpenyne.name. 64xfluid.molecule.caulerpenyne@0
Found ItemStack minechem:fluid.molecule.cellulose.name. 64xfluid.molecule.cellulose@0
Found ItemStack minechem:fluid.molecule.cesiumHydroxide.name. 64xfluid.molecule.cesiumHydroxide@0
Found ItemStack minechem:fluid.molecule.chromate.name. 64xfluid.molecule.chromate@0
Found ItemStack minechem:fluid.molecule.chromite.name. 64xfluid.molecule.chromite@0
Found ItemStack minechem:fluid.molecule.cocaine.name. 64xfluid.molecule.cocaine@0
Found ItemStack minechem:fluid.molecule.cocainehcl.name. 64xfluid.molecule.cocainehcl@0
Found ItemStack minechem:fluid.molecule.cucurbitacin.name. 64xfluid.molecule.cucurbitacin@0
Found ItemStack minechem:fluid.molecule.cyanide.name. 64xfluid.molecule.cyanide@0
Found ItemStack minechem:fluid.molecule.cysteine.name. 64xfluid.molecule.cysteine@0
Found ItemStack minechem:fluid.molecule.ddt.name. 64xfluid.molecule.ddt@0
Found ItemStack minechem:fluid.molecule.dimethyltryptamine.name. 64xfluid.molecule.dimethyltryptamine@0
Found ItemStack minechem:fluid.molecule.dota.name. 64xfluid.molecule.dota@0
Found ItemStack minechem:fluid.molecule.ethanol.name. 64xfluid.molecule.ethanol@0
Found ItemStack minechem:fluid.molecule.fibroin.name. 64xfluid.molecule.fibroin@0
Found ItemStack minechem:fluid.molecule.fingolimod.name. 64xfluid.molecule.fingolimod@0
Found ItemStack minechem:fluid.molecule.forsterite.name. 64xfluid.molecule.forsterite@0
Found ItemStack minechem:fluid.molecule.franciumHydroxide.name. 64xfluid.molecule.franciumHydroxide@0
Found ItemStack minechem:fluid.molecule.fullrene.name. 64xfluid.molecule.fullrene@0
Found ItemStack minechem:fluid.molecule.gallicacid.name. 64xfluid.molecule.gallicacid@0
Found ItemStack minechem:fluid.molecule.galliumOxide.name. 64xfluid.molecule.galliumOxide@0
Found ItemStack minechem:fluid.molecule.galliumarsenide.name. 64xfluid.molecule.galliumarsenide@0
Found ItemStack minechem:fluid.molecule.glucose.name. 64xfluid.molecule.glucose@0
Found ItemStack minechem:fluid.molecule.glutamates.name. 64xfluid.molecule.glutamates@0
Found ItemStack minechem:fluid.molecule.glutamine.name. 64xfluid.molecule.glutamine@0
Found ItemStack minechem:fluid.molecule.glycine.name. 64xfluid.molecule.glycine@0
Found ItemStack minechem:fluid.molecule.glyphosate.name. 64xfluid.molecule.glyphosate@0
Found ItemStack minechem:fluid.molecule.greenPigment.name. 64xfluid.molecule.greenPigment@0
Found ItemStack minechem:fluid.molecule.hcl.name. 64xfluid.molecule.hcl@0
Found ItemStack minechem:fluid.molecule.hist.name. 64xfluid.molecule.hist@0
Found ItemStack minechem:fluid.molecule.histidine.name. 64xfluid.molecule.histidine@0
Found ItemStack minechem:fluid.molecule.hperox.name. 64xfluid.molecule.hperox@0
Found ItemStack minechem:fluid.molecule.hydrogenSulfide.name. 64xfluid.molecule.hydrogenSulfide@0
Found ItemStack minechem:fluid.molecule.hydronium.name. 64xfluid.molecule.hydronium@0
Found ItemStack minechem:fluid.molecule.hydroxide.name. 64xfluid.molecule.hydroxide@0
Found ItemStack minechem:fluid.molecule.hydroxylapatite.name. 64xfluid.molecule.hydroxylapatite@0
Found ItemStack minechem:fluid.molecule.hypophosphite.name. 64xfluid.molecule.hypophosphite@0
Found ItemStack minechem:fluid.molecule.iron3oxide.name. 64xfluid.molecule.iron3oxide@0
Found ItemStack minechem:fluid.molecule.ironOxide.name. 64xfluid.molecule.ironOxide@0
Found ItemStack minechem:fluid.molecule.isoleucine.name. 64xfluid.molecule.isoleucine@0
Found ItemStack minechem:fluid.molecule.isoprene.name. 64xfluid.molecule.isoprene@0
Found ItemStack minechem:fluid.molecule.kaolinite.name. 64xfluid.molecule.kaolinite@0
Found ItemStack minechem:fluid.molecule.keratin.name. 64xfluid.molecule.keratin@0
Found ItemStack minechem:fluid.molecule.latropine.name. 64xfluid.molecule.latropine@0
Found ItemStack minechem:fluid.molecule.lazurite.name. 64xfluid.molecule.lazurite@0
Found ItemStack minechem:fluid.molecule.lcd.name. 64xfluid.molecule.lcd@0
Found ItemStack minechem:fluid.molecule.leucine.name. 64xfluid.molecule.leucine@0
Found ItemStack minechem:fluid.molecule.lightbluePigment.name. 64xfluid.molecule.lightbluePigment@0
Found ItemStack minechem:fluid.molecule.limePigment.name. 64xfluid.molecule.limePigment@0
Found ItemStack minechem:fluid.molecule.lithiumHydroxide.name. 64xfluid.molecule.lithiumHydroxide@0
Found ItemStack minechem:fluid.molecule.lysine.name. 64xfluid.molecule.lysine@0
Found ItemStack minechem:fluid.molecule.magnesiumCarbonate.name. 64xfluid.molecule.magnesiumCarbonate@0
Found ItemStack minechem:fluid.molecule.magnesiumOxide.name. 64xfluid.molecule.magnesiumOxide@0
Found ItemStack minechem:fluid.molecule.magnetite.name. 64xfluid.molecule.magnetite@0
Found ItemStack minechem:fluid.molecule.malicAcid.name. 64xfluid.molecule.malicAcid@0
Found ItemStack minechem:fluid.molecule.memethacrylate.name. 64xfluid.molecule.memethacrylate@0
Found ItemStack minechem:fluid.molecule.meoh.name. 64xfluid.molecule.meoh@0
Found ItemStack minechem:fluid.molecule.mescaline.name. 64xfluid.molecule.mescaline@0
Found ItemStack minechem:fluid.molecule.metasilicate.name. 64xfluid.molecule.metasilicate@0
Found ItemStack minechem:fluid.molecule.metblue.name. 64xfluid.molecule.metblue@0
Found ItemStack minechem:fluid.molecule.methamphetamine.name. 64xfluid.molecule.methamphetamine@0
Found ItemStack minechem:fluid.molecule.methionine.name. 64xfluid.molecule.methionine@0
Found ItemStack minechem:fluid.molecule.methyl.name. 64xfluid.molecule.methyl@0
Found ItemStack minechem:fluid.molecule.methylene.name. 64xfluid.molecule.methylene@0
Found ItemStack minechem:fluid.molecule.mt.name. 64xfluid.molecule.mt@0
Found ItemStack minechem:fluid.molecule.mycotoxin.name. 64xfluid.molecule.mycotoxin@0
Found ItemStack minechem:fluid.molecule.nepheline.name. 64xfluid.molecule.nepheline@0
Found ItemStack minechem:fluid.molecule.nitrate.name. 64xfluid.molecule.nitrate@0
Found ItemStack minechem:fluid.molecule.nitrogenDioxide.name. 64xfluid.molecule.nitrogenDioxide@0
Found ItemStack minechem:fluid.molecule.nodularin.name. 64xfluid.molecule.nodularin@0
Found ItemStack minechem:fluid.molecule.noselite.name. 64xfluid.molecule.noselite@0
Found ItemStack minechem:fluid.molecule.oleicAcid.name. 64xfluid.molecule.oleicAcid@0
Found ItemStack minechem:fluid.molecule.olivine.name. 64xfluid.molecule.olivine@0
Found ItemStack minechem:fluid.molecule.omphacite.name. 64xfluid.molecule.omphacite@0
Found ItemStack minechem:fluid.molecule.orangePigment.name. 64xfluid.molecule.orangePigment@0
Found ItemStack minechem:fluid.molecule.orthoclase.name. 64xfluid.molecule.orthoclase@0
Found ItemStack minechem:fluid.molecule.pal2.name. 64xfluid.molecule.pal2@0
Found ItemStack minechem:fluid.molecule.pantherine.name. 64xfluid.molecule.pantherine@0
Found ItemStack minechem:fluid.molecule.penicillin.name. 64xfluid.molecule.penicillin@0
Found ItemStack minechem:fluid.molecule.peridot.name. 64xfluid.molecule.peridot@0
Found ItemStack minechem:fluid.molecule.peroxide.name. 64xfluid.molecule.peroxide@0
Found ItemStack minechem:fluid.molecule.phenylalanine.name. 64xfluid.molecule.phenylalanine@0
Found ItemStack minechem:fluid.molecule.phosgene.name. 64xfluid.molecule.phosgene@0
Found ItemStack minechem:fluid.molecule.phosphate.name. 64xfluid.molecule.phosphate@0
Found ItemStack minechem:fluid.molecule.plagioclaseAlbite.name. 64xfluid.molecule.plagioclaseAlbite@0
Found ItemStack minechem:fluid.molecule.plagioclaseAnorthite.name. 64xfluid.molecule.plagioclaseAnorthite@0
Found ItemStack minechem:fluid.molecule.plat.name. 64xfluid.molecule.plat@0
Found ItemStack minechem:fluid.molecule.pmma.name. 64xfluid.molecule.pmma@0
Found ItemStack minechem:fluid.molecule.polyisobutylene.name. 64xfluid.molecule.polyisobutylene@0
Found ItemStack minechem:fluid.molecule.polyvinylChloride.name. 64xfluid.molecule.polyvinylChloride@0
Found ItemStack minechem:fluid.molecule.potassiumHydroxide.name. 64xfluid.molecule.potassiumHydroxide@0
Found ItemStack minechem:fluid.molecule.potassiumNitrate.name. 64xfluid.molecule.potassiumNitrate@0
Found ItemStack minechem:fluid.molecule.potassiumOxide.name. 64xfluid.molecule.potassiumOxide@0
Found ItemStack minechem:fluid.molecule.proline.name. 64xfluid.molecule.proline@0
Found ItemStack minechem:fluid.molecule.propane.name. 64xfluid.molecule.propane@0
Found ItemStack minechem:fluid.molecule.psilocybin.name. 64xfluid.molecule.psilocybin@0
Found ItemStack minechem:fluid.molecule.purplePigment.name. 64xfluid.molecule.purplePigment@0
Found ItemStack minechem:fluid.molecule.purpleorgodye.name. 64xfluid.molecule.purpleorgodye@0
Found ItemStack minechem:fluid.molecule.pyrite.name. 64xfluid.molecule.pyrite@0
Found ItemStack minechem:fluid.molecule.pyrope.name. 64xfluid.molecule.pyrope@0
Found ItemStack minechem:fluid.molecule.radchlor.name. 64xfluid.molecule.radchlor@0
Found ItemStack minechem:fluid.molecule.redGarnet.name. 64xfluid.molecule.redGarnet@0
Found ItemStack minechem:fluid.molecule.redPigment.name. 64xfluid.molecule.redPigment@0
Found ItemStack minechem:fluid.molecule.redorgodye.name. 64xfluid.molecule.redorgodye@0
Found ItemStack minechem:fluid.molecule.retinol.name. 64xfluid.molecule.retinol@0
Found ItemStack minechem:fluid.molecule.rubidiumHydroxide.name. 64xfluid.molecule.rubidiumHydroxide@0
Found ItemStack minechem:fluid.molecule.salt.name. 64xfluid.molecule.salt@0
Found ItemStack minechem:fluid.molecule.serine.name. 64xfluid.molecule.serine@0
Found ItemStack minechem:fluid.molecule.shikimicAcid.name. 64xfluid.molecule.shikimicAcid@0
Found ItemStack minechem:fluid.molecule.silicate.name. 64xfluid.molecule.silicate@0
Found ItemStack minechem:fluid.molecule.siliconDioxide.name. 64xfluid.molecule.siliconDioxide@0
Found ItemStack minechem:fluid.molecule.siliconOxide.name. 64xfluid.molecule.siliconOxide@0
Found ItemStack minechem:fluid.molecule.sodalite.name. 64xfluid.molecule.sodalite@0
Found ItemStack minechem:fluid.molecule.sodiumBisulfate.name. 64xfluid.molecule.sodiumBisulfate@0
Found ItemStack minechem:fluid.molecule.sodiumHydroxide.name. 64xfluid.molecule.sodiumHydroxide@0
Found ItemStack minechem:fluid.molecule.sodiumOxide.name. 64xfluid.molecule.sodiumOxide@0
Found ItemStack minechem:fluid.molecule.sodiumSulfate.name. 64xfluid.molecule.sodiumSulfate@0
Found ItemStack minechem:fluid.molecule.spessartine.name. 64xfluid.molecule.spessartine@0
Found ItemStack minechem:fluid.molecule.starch.name. 64xfluid.molecule.starch@0
Found ItemStack minechem:fluid.molecule.strontiumNitrate.name. 64xfluid.molecule.strontiumNitrate@0
Found ItemStack minechem:fluid.molecule.sucrose.name. 64xfluid.molecule.sucrose@0
Found ItemStack minechem:fluid.molecule.sulfate.name. 64xfluid.molecule.sulfate@0
Found ItemStack minechem:fluid.molecule.sulfurDioxide.name. 64xfluid.molecule.sulfurDioxide@0
Found ItemStack minechem:fluid.molecule.sulfuricAcid.name. 64xfluid.molecule.sulfuricAcid@0
Found ItemStack minechem:fluid.molecule.talc.name. 64xfluid.molecule.talc@0
Found ItemStack minechem:fluid.molecule.tannicacid.name. 64xfluid.molecule.tannicacid@0
Found ItemStack minechem:fluid.molecule.testosterone.name. 64xfluid.molecule.testosterone@0
Found ItemStack minechem:fluid.molecule.tetrodotoxin.name. 64xfluid.molecule.tetrodotoxin@0
Found ItemStack minechem:fluid.molecule.thc.name. 64xfluid.molecule.thc@0
Found ItemStack minechem:fluid.molecule.theobromine.name. 64xfluid.molecule.theobromine@0
Found ItemStack minechem:fluid.molecule.threonine.name. 64xfluid.molecule.threonine@0
Found ItemStack minechem:fluid.molecule.tnt.name. 64xfluid.molecule.tnt@0
Found ItemStack minechem:fluid.molecule.toluene.name. 64xfluid.molecule.toluene@0
Found ItemStack minechem:fluid.molecule.topaz.name. 64xfluid.molecule.topaz@0
Found ItemStack minechem:fluid.molecule.tryptophan.name. 64xfluid.molecule.tryptophan@0
Found ItemStack minechem:fluid.molecule.tyrosine.name. 64xfluid.molecule.tyrosine@0
Found ItemStack minechem:fluid.molecule.valine.name. 64xfluid.molecule.valine@0
Found ItemStack minechem:fluid.molecule.vinylChloride.name. 64xfluid.molecule.vinylChloride@0
Found ItemStack minechem:fluid.molecule.weedex.name. 64xfluid.molecule.weedex@0
Found ItemStack minechem:fluid.molecule.whitePigment.name. 64xfluid.molecule.whitePigment@0
Found ItemStack minechem:fluid.molecule.xanax.name. 64xfluid.molecule.xanax@0
Found ItemStack minechem:fluid.molecule.xylitol.name. 64xfluid.molecule.xylitol@0
Found ItemStack minechem:fluid.molecule.yellowPigment.name. 64xfluid.molecule.yellowPigment@0
Found ItemStack minechem:fluid.molecule.zoisite.name. 64xfluid.molecule.zoisite@0
override called. Params: pressure, Canister, 0
Regex match found! pressure:Canister matches pressure:Canister.
Found ItemStack pressure:Canister. 1xitem.pressure.Canister@0
